c:\users\iamon\desktop\myinhafiles\portfolio\01. directx\gamecoding3d\libraries\lib\engine\engine.pdb
c:\users\iamon\desktop\myinhafiles\portfolio\01. directx\gamecoding3d\libraries\lib\engine\engine.idb
c:\users\iamon\desktop\myinhafiles\portfolio\01. directx\gamecoding3d\intermediate\debug\tinyxml2.obj
c:\users\iamon\desktop\myinhafiles\portfolio\01. directx\gamecoding3d\intermediate\debug\engine.pch
c:\users\iamon\desktop\myinhafiles\portfolio\01. directx\gamecoding3d\intermediate\debug\pch.obj
c:\users\iamon\desktop\myinhafiles\portfolio\01. directx\gamecoding3d\intermediate\debug\technique.obj
c:\users\iamon\desktop\myinhafiles\portfolio\01. directx\gamecoding3d\intermediate\debug\simplemath.obj
c:\users\iamon\desktop\myinhafiles\portfolio\01. directx\gamecoding3d\intermediate\debug\shader.obj
c:\users\iamon\desktop\myinhafiles\portfolio\01. directx\gamecoding3d\intermediate\debug\resourcemanager.obj
c:\users\iamon\desktop\myinhafiles\portfolio\01. directx\gamecoding3d\intermediate\debug\resourcebase.obj
c:\users\iamon\desktop\myinhafiles\portfolio\01. directx\gamecoding3d\intermediate\debug\pass.obj
c:\users\iamon\desktop\myinhafiles\portfolio\01. directx\gamecoding3d\intermediate\debug\monobehaviour.obj
c:\users\iamon\desktop\myinhafiles\portfolio\01. directx\gamecoding3d\intermediate\debug\meshrenderer.obj
c:\users\iamon\desktop\myinhafiles\portfolio\01. directx\gamecoding3d\intermediate\debug\mesh.obj
c:\users\iamon\desktop\myinhafiles\portfolio\01. directx\gamecoding3d\intermediate\debug\inputmanager.obj
c:\users\iamon\desktop\myinhafiles\portfolio\01. directx\gamecoding3d\intermediate\debug\indexbuffer.obj
c:\users\iamon\desktop\myinhafiles\portfolio\01. directx\gamecoding3d\intermediate\debug\iexecute.obj
c:\users\iamon\desktop\myinhafiles\portfolio\01. directx\gamecoding3d\intermediate\debug\graphics.obj
c:\users\iamon\desktop\myinhafiles\portfolio\01. directx\gamecoding3d\intermediate\debug\geometryhelper.obj
c:\users\iamon\desktop\myinhafiles\portfolio\01. directx\gamecoding3d\intermediate\debug\geometry.obj
c:\users\iamon\desktop\myinhafiles\portfolio\01. directx\gamecoding3d\intermediate\debug\gameobject.obj
c:\users\iamon\desktop\myinhafiles\portfolio\01. directx\gamecoding3d\intermediate\debug\game.obj
c:\users\iamon\desktop\myinhafiles\portfolio\01. directx\gamecoding3d\intermediate\debug\constantbuffer.obj
c:\users\iamon\desktop\myinhafiles\portfolio\01. directx\gamecoding3d\intermediate\debug\component.obj
c:\users\iamon\desktop\myinhafiles\portfolio\01. directx\gamecoding3d\intermediate\debug\camera.obj
c:\users\iamon\desktop\myinhafiles\portfolio\01. directx\gamecoding3d\intermediate\debug\vertexdata.obj
c:\users\iamon\desktop\myinhafiles\portfolio\01. directx\gamecoding3d\intermediate\debug\vertexbuffer.obj
c:\users\iamon\desktop\myinhafiles\portfolio\01. directx\gamecoding3d\intermediate\debug\utils.obj
c:\users\iamon\desktop\myinhafiles\portfolio\01. directx\gamecoding3d\intermediate\debug\transform.obj
c:\users\iamon\desktop\myinhafiles\portfolio\01. directx\gamecoding3d\intermediate\debug\timemanager.obj
c:\users\iamon\desktop\myinhafiles\portfolio\01. directx\gamecoding3d\intermediate\debug\texture.obj
c:\users\iamon\desktop\myinhafiles\portfolio\01. directx\gamecoding3d\libraries\lib\engine\engine.lib
c:\users\iamon\desktop\myinhafiles\portfolio\01. directx\gamecoding3d\intermediate\debug\01. triangledemo.obj
c:\users\iamon\desktop\myinhafiles\portfolio\01. directx\gamecoding3d\intermediate\debug\02. quaddemo.obj
c:\users\iamon\desktop\myinhafiles\portfolio\01. directx\gamecoding3d\intermediate\debug\03. constbufferdemo.obj
c:\users\iamon\desktop\myinhafiles\portfolio\01. directx\gamecoding3d\intermediate\debug\04. camerademo.obj
c:\users\iamon\desktop\myinhafiles\portfolio\01. directx\gamecoding3d\intermediate\debug\05. texturedemo.obj
c:\users\iamon\desktop\myinhafiles\portfolio\01. directx\gamecoding3d\intermediate\debug\06. samplerdemo.obj
c:\users\iamon\desktop\myinhafiles\portfolio\01. directx\gamecoding3d\intermediate\debug\07. heightmapdemo.obj
c:\users\iamon\desktop\myinhafiles\portfolio\01. directx\gamecoding3d\intermediate\debug\08. normaldemo.obj
c:\users\iamon\desktop\myinhafiles\portfolio\01. directx\gamecoding3d\intermediate\debug\camerascript.obj
c:\users\iamon\desktop\myinhafiles\portfolio\01. directx\gamecoding3d\intermediate\debug\main.obj
c:\users\iamon\desktop\myinhafiles\portfolio\01. directx\gamecoding3d\intermediate\debug\client.pch
c:\users\iamon\desktop\myinhafiles\portfolio\01. directx\gamecoding3d\intermediate\debug\vc143.idb
c:\users\iamon\desktop\myinhafiles\portfolio\01. directx\gamecoding3d\intermediate\debug\vc143.pdb
c:\users\iamon\desktop\myinhafiles\portfolio\01. directx\gamecoding3d\intermediate\debug\engine.vcxproj.filelistabsolute.txt
c:\users\iamon\desktop\myinhafiles\portfolio\01. directx\gamecoding3d\intermediate\debug\engine.tlog\cl.command.1.tlog
c:\users\iamon\desktop\myinhafiles\portfolio\01. directx\gamecoding3d\intermediate\debug\engine.tlog\cl.read.1.tlog
c:\users\iamon\desktop\myinhafiles\portfolio\01. directx\gamecoding3d\intermediate\debug\engine.tlog\cl.write.1.tlog
c:\users\iamon\desktop\myinhafiles\portfolio\01. directx\gamecoding3d\intermediate\debug\engine.tlog\lib-link.read.1.tlog
c:\users\iamon\desktop\myinhafiles\portfolio\01. directx\gamecoding3d\intermediate\debug\engine.tlog\lib-link.write.1.tlog
c:\users\iamon\desktop\myinhafiles\portfolio\01. directx\gamecoding3d\intermediate\debug\engine.tlog\lib.command.1.tlog
