C:\Program Files\Microsoft Visual Studio\2022\Community\MSBuild\Microsoft\VC\v170\Microsoft.CppBuild.targets(517,5): warning MSB8028: 중간 디렉터리(C:\Users\iamon\Desktop\MyInhaFiles\Portfolio\01. DirectX\GameCoding3D\Intermediate\Debug\)에 다른 프로젝트(Client.vcxproj)에서 공유하는 파일이 포함되어 있습니다.  이로 인해 잘못된 정리 및 다시 빌드 동작이 수행될 수 있습니다.
  C:\Users\iamon\Desktop\MyInhaFiles\Portfolio\01. DirectX\GameCoding3D\Engine\Camera.h
  C:\Users\iamon\Desktop\MyInhaFiles\Portfolio\01. DirectX\GameCoding3D\Engine\Component.h
  C:\Users\iamon\Desktop\MyInhaFiles\Portfolio\01. DirectX\GameCoding3D\Engine\ConstantBuffer.h
  C:\Users\iamon\Desktop\MyInhaFiles\Portfolio\01. DirectX\GameCoding3D\Engine\Define.h
  C:\Users\iamon\Desktop\MyInhaFiles\Portfolio\01. DirectX\GameCoding3D\Engine\EnginePch.h
  C:\Users\iamon\Desktop\MyInhaFiles\Portfolio\01. DirectX\GameCoding3D\Engine\Game.h
  C:\Users\iamon\Desktop\MyInhaFiles\Portfolio\01. DirectX\GameCoding3D\Engine\GameObject.h
  C:\Users\iamon\Desktop\MyInhaFiles\Portfolio\01. DirectX\GameCoding3D\Engine\Geometry.h
  C:\Users\iamon\Desktop\MyInhaFiles\Portfolio\01. DirectX\GameCoding3D\Engine\GeometryHelper.h
  C:\Users\iamon\Desktop\MyInhaFiles\Portfolio\01. DirectX\GameCoding3D\Engine\Graphics.h
  C:\Users\iamon\Desktop\MyInhaFiles\Portfolio\01. DirectX\GameCoding3D\Engine\IExecute.h
  C:\Users\iamon\Desktop\MyInhaFiles\Portfolio\01. DirectX\GameCoding3D\Engine\IndexBuffer.h
  C:\Users\iamon\Desktop\MyInhaFiles\Portfolio\01. DirectX\GameCoding3D\Engine\InputManager.h
  C:\Users\iamon\Desktop\MyInhaFiles\Portfolio\01. DirectX\GameCoding3D\Engine\Mesh.h
  C:\Users\iamon\Desktop\MyInhaFiles\Portfolio\01. DirectX\GameCoding3D\Engine\MeshRenderer.h
  C:\Users\iamon\Desktop\MyInhaFiles\Portfolio\01. DirectX\GameCoding3D\Engine\MonoBehaviour.h
  C:\Users\iamon\Desktop\MyInhaFiles\Portfolio\01. DirectX\GameCoding3D\Engine\Pass.h
  C:\Users\iamon\Desktop\MyInhaFiles\Portfolio\01. DirectX\GameCoding3D\Engine\pch.h
  C:\Users\iamon\Desktop\MyInhaFiles\Portfolio\01. DirectX\GameCoding3D\Engine\ResourceBase.h
  C:\Users\iamon\Desktop\MyInhaFiles\Portfolio\01. DirectX\GameCoding3D\Engine\ResourceManager.h
  C:\Users\iamon\Desktop\MyInhaFiles\Portfolio\01. DirectX\GameCoding3D\Engine\Shader.h
  C:\Users\iamon\Desktop\MyInhaFiles\Portfolio\01. DirectX\GameCoding3D\Engine\SimpleMath.h
  C:\Users\iamon\Desktop\MyInhaFiles\Portfolio\01. DirectX\GameCoding3D\Engine\Technique.h
  C:\Users\iamon\Desktop\MyInhaFiles\Portfolio\01. DirectX\GameCoding3D\Engine\Texture.h
  C:\Users\iamon\Desktop\MyInhaFiles\Portfolio\01. DirectX\GameCoding3D\Engine\TimeManager.h
  C:\Users\iamon\Desktop\MyInhaFiles\Portfolio\01. DirectX\GameCoding3D\Engine\tinyxml2.h
  C:\Users\iamon\Desktop\MyInhaFiles\Portfolio\01. DirectX\GameCoding3D\Engine\Transform.h
  C:\Users\iamon\Desktop\MyInhaFiles\Portfolio\01. DirectX\GameCoding3D\Engine\Types.h
  C:\Users\iamon\Desktop\MyInhaFiles\Portfolio\01. DirectX\GameCoding3D\Engine\Utils.h
  C:\Users\iamon\Desktop\MyInhaFiles\Portfolio\01. DirectX\GameCoding3D\Engine\VertexBuffer.h
  C:\Users\iamon\Desktop\MyInhaFiles\Portfolio\01. DirectX\GameCoding3D\Engine\VertexData.h
  31개 파일이 복사되었습니다.
  C:\Users\iamon\Desktop\MyInhaFiles\Portfolio\01. DirectX\GameCoding3D\Engine\SimpleMath.inl
  1개 파일이 복사되었습니다.
  pch.cpp
C:\Program Files\Microsoft Visual Studio\2022\Community\VC\Tools\MSVC\14.35.32215\include\optional(12): warning STL4038: The contents of <optional> are available only with C++17 or later.
C:\Users\iamon\Desktop\MyInhaFiles\Portfolio\01. DirectX\GameCoding3D\Engine\ResourceBase.h(5,2): warning C4309: '초기화 중': 상수 값이 잘립니다.
C:\Users\iamon\Desktop\MyInhaFiles\Portfolio\01. DirectX\GameCoding3D\Engine\ResourceBase.h(5,2): warning C4369: 'ResourceType::None':  열거자 값 '-1'을(를) 'unsigned char'(으)로 나타낼 수 없습니다. 값은 '-1'입니다.
C:\Users\iamon\Desktop\MyInhaFiles\Portfolio\01. DirectX\GameCoding3D\Engine\ResourceBase.h(6,2): warning C4340: 'Mesh': 양의 값에서 음의 값으로 값이 래핑되었습니다.
C:\Users\iamon\Desktop\MyInhaFiles\Portfolio\01. DirectX\GameCoding3D\Engine\ResourceBase.h(6,2): warning C4309: '초기화 중': 상수 값이 잘립니다.
C:\Users\iamon\Desktop\MyInhaFiles\Portfolio\01. DirectX\GameCoding3D\Engine\ResourceBase.h(6,2): warning C4369: 'ResourceType::Mesh':  열거자 값 '256'을(를) 'unsigned char'(으)로 나타낼 수 없습니다. 값은 '256'입니다.
  Camera.cpp
  Component.cpp
  ConstantBuffer.cpp
  Game.cpp
C:\Users\iamon\Desktop\MyInhaFiles\Portfolio\01. DirectX\GameCoding3D\Engine\Game.cpp(66,33): warning C4838: 'float'에서 'LONG'(으)로의 변환에는 축소 변환이 필요합니다.
C:\Users\iamon\Desktop\MyInhaFiles\Portfolio\01. DirectX\GameCoding3D\Engine\Game.cpp(66,33): warning C4244: '초기화 중': 'float'에서 'LONG'(으)로 변환하면서 데이터가 손실될 수 있습니다.
C:\Users\iamon\Desktop\MyInhaFiles\Portfolio\01. DirectX\GameCoding3D\Engine\Game.cpp(66,46): warning C4838: 'float'에서 'LONG'(으)로의 변환에는 축소 변환이 필요합니다.
C:\Users\iamon\Desktop\MyInhaFiles\Portfolio\01. DirectX\GameCoding3D\Engine\Game.cpp(66,46): warning C4244: '초기화 중': 'float'에서 'LONG'(으)로 변환하면서 데이터가 손실될 수 있습니다.
  GameObject.cpp
C:\Users\iamon\Desktop\MyInhaFiles\Portfolio\01. DirectX\GameCoding3D\Engine\GameObject.cpp(2,10): warning C4067: 전처리기 지시문 다음에 예기치 않은 토큰이 있습니다. 줄 바꿈 문자가 필요합니다.
  Geometry.cpp
  GeometryHelper.cpp
  Graphics.cpp
C:\Users\iamon\Desktop\MyInhaFiles\Portfolio\01. DirectX\GameCoding3D\Engine\Graphics.cpp(30,46): warning C4244: '=': 'float'에서 'UINT'(으)로 변환하면서 데이터가 손실될 수 있습니다.
C:\Users\iamon\Desktop\MyInhaFiles\Portfolio\01. DirectX\GameCoding3D\Engine\Graphics.cpp(31,47): warning C4244: '=': 'float'에서 'UINT'(으)로 변환하면서 데이터가 손실될 수 있습니다.
  IExecute.cpp
  IndexBuffer.cpp
  InputManager.cpp
  Mesh.cpp
  MeshRenderer.cpp
  MonoBehaviour.cpp
  Pass.cpp
  ResourceBase.cpp
  ResourceManager.cpp
  Shader.cpp
C:\Users\iamon\Desktop\MyInhaFiles\Portfolio\01. DirectX\GameCoding3D\Engine\Shader.cpp(166,3): warning C4267: '인수': 'size_t'에서 'UINT'(으)로 변환하면서 데이터가 손실될 수 있습니다.
  SimpleMath.cpp
  Technique.cpp
  코드를 생성하고 있습니다...
C:\Users\iamon\Desktop\MyInhaFiles\Portfolio\01. DirectX\GameCoding3D\Engine\Game.cpp(94): warning C4715: 'Game::WndProc': 모든 제어 경로에서 값을 반환하지는 않습니다.
  컴파일하고 있습니다...
  Texture.cpp
C:\Users\iamon\Desktop\MyInhaFiles\Portfolio\01. DirectX\GameCoding3D\Engine\Texture.cpp(23,14): warning C4244: '=': 'size_t'에서 'float'(으)로 변환하면서 데이터가 손실될 수 있습니다.
C:\Users\iamon\Desktop\MyInhaFiles\Portfolio\01. DirectX\GameCoding3D\Engine\Texture.cpp(24,14): warning C4244: '=': 'size_t'에서 'float'(으)로 변환하면서 데이터가 손실될 수 있습니다.
  TimeManager.cpp
  Transform.cpp
C:\Users\iamon\Desktop\MyInhaFiles\Portfolio\01. DirectX\GameCoding3D\Engine\Transform.cpp(26,23): warning C4244: '=': 'double'에서 'float'(으)로 변환하면서 데이터가 손실될 수 있습니다.
C:\Users\iamon\Desktop\MyInhaFiles\Portfolio\01. DirectX\GameCoding3D\Engine\Transform.cpp(31,40): warning C4244: '=': 'double'에서 'float'(으)로 변환하면서 데이터가 손실될 수 있습니다.
C:\Users\iamon\Desktop\MyInhaFiles\Portfolio\01. DirectX\GameCoding3D\Engine\Transform.cpp(36,23): warning C4244: '=': 'double'에서 'float'(으)로 변환하면서 데이터가 손실될 수 있습니다.
  Utils.cpp
C:\Program Files\Microsoft Visual Studio\2022\Community\VC\Tools\MSVC\14.35.32215\include\xstring(2859,53): warning C4244: '인수': 'wchar_t'에서 'const _Elem'(으)로 변환하면서 데이터가 손실될 수 있습니다.
          with
          [
              _Elem=char
          ]
C:\Program Files\Microsoft Visual Studio\2022\Community\VC\Tools\MSVC\14.35.32215\include\xstring(2718,1): message : 컴파일되는 함수 템플릿 인스턴스화 'void std::basic_string<char,std::char_traits<char>,std::allocator<char>>::_Construct_from_iter<wchar_t*,wchar_t*,_Size_type>(_Iter,const _Sent,_Size)'에 대한 참조를 확인하세요.
          with
          [
              _Size_type=unsigned __int64,
              _Iter=wchar_t *,
              _Sent=wchar_t *,
              _Size=unsigned __int64
          ]
C:\Program Files\Microsoft Visual Studio\2022\Community\VC\Tools\MSVC\14.35.32215\include\xstring(2718,37): message : 컴파일되는 함수 템플릿 인스턴스화 'void std::basic_string<char,std::char_traits<char>,std::allocator<char>>::_Construct_from_iter<wchar_t*,wchar_t*,_Size_type>(_Iter,const _Sent,_Size)'에 대한 참조를 확인하세요.
          with
          [
              _Size_type=unsigned __int64,
              _Iter=wchar_t *,
              _Sent=wchar_t *,
              _Size=unsigned __int64
          ]
C:\Users\iamon\Desktop\MyInhaFiles\Portfolio\01. DirectX\GameCoding3D\Engine\Utils.cpp(29): message : 컴파일되는 함수 템플릿 인스턴스화 'std::basic_string<char,std::char_traits<char>,std::allocator<char>>::basic_string<std::_String_iterator<std::_String_val<std::_Simple_types<_Elem>>>,0>(_Iter,_Iter,const _Alloc &)'에 대한 참조를 확인하세요.
          with
          [
              _Elem=wchar_t,
              _Iter=std::_String_iterator<std::_String_val<std::_Simple_types<wchar_t>>>,
              _Alloc=std::allocator<char>
          ]
C:\Users\iamon\Desktop\MyInhaFiles\Portfolio\01. DirectX\GameCoding3D\Engine\Utils.cpp(29,2): message : 컴파일되는 함수 템플릿 인스턴스화 'std::basic_string<char,std::char_traits<char>,std::allocator<char>>::basic_string<std::_String_iterator<std::_String_val<std::_Simple_types<_Elem>>>,0>(_Iter,_Iter,const _Alloc &)'에 대한 참조를 확인하세요.
          with
          [
              _Elem=wchar_t,
              _Iter=std::_String_iterator<std::_String_val<std::_Simple_types<wchar_t>>>,
              _Alloc=std::allocator<char>
          ]
  VertexBuffer.cpp
  VertexData.cpp
  코드를 생성하고 있습니다...
  tinyxml2.cpp
  Engine.vcxproj -> C:\Users\iamon\Desktop\MyInhaFiles\Portfolio\01. DirectX\GameCoding3D\Libraries\Lib\Engine\Engine.lib
